<?xml version="1.0" encoding="UTF-8"?>
<!-- Generated by org.testng.reporters.JUnitXMLReporter -->
<testsuite ignored="0" hostname="vinodhpc" failures="0" tests="12" name="Excel Test" time="0.632" errors="0" timestamp="2025-06-12T08:27:18 IST">
  <testcase classname="com.testcode.DataDrivenTestExcel" name="testAddition" time="0.002"/>
  <testcase classname="com.testcode.DataDrivenTestExcel" name="testAddition" time="0.001"/>
  <testcase classname="com.testcode.DataDrivenTestExcel" name="testAddition" time="0.001"/>
  <testcase classname="com.testcode.DataDrivenTestExcel" name="testDivision" time="0.001"/>
  <testcase classname="com.testcode.DataDrivenTestExcel" name="testDivision" time="0.001"/>
  <testcase classname="com.testcode.DataDrivenTestExcel" name="testDivision" time="0.001"/>
  <testcase classname="com.testcode.DataDrivenTestExcel" name="testMultiplication" time="0.001"/>
  <testcase classname="com.testcode.DataDrivenTestExcel" name="testMultiplication" time="0.001"/>
  <testcase classname="com.testcode.DataDrivenTestExcel" name="testMultiplication" time="0.003"/>
  <testcase classname="com.testcode.DataDrivenTestExcel" name="testSubtraction" time="0.002"/>
  <testcase classname="com.testcode.DataDrivenTestExcel" name="testSubtraction" time="0.001"/>
  <testcase classname="com.testcode.DataDrivenTestExcel" name="testSubtraction" time="0.001"/>
</testsuite> <!-- Excel Test -->
