<?xml version="1.0" encoding="UTF-8"?>
<!-- Generated by org.testng.reporters.JUnitXMLReporter -->
<testsuite ignored="0" hostname="vinodhpc" failures="0" tests="12" name="Excel Test" time="2.521" errors="0" timestamp="2025-07-25T07:39:52 IST">
  <testcase classname="com.testcode.DataDrivenExcelTest" name="C18_testAddition" time="0.004"/>
  <testcase classname="com.testcode.DataDrivenExcelTest" name="C18_testAddition" time="0.002"/>
  <testcase classname="com.testcode.DataDrivenExcelTest" name="C18_testAddition" time="0.002"/>
  <testcase classname="com.testcode.DataDrivenExcelTest" name="C19_testSubtraction" time="0.003"/>
  <testcase classname="com.testcode.DataDrivenExcelTest" name="C19_testSubtraction" time="0.001"/>
  <testcase classname="com.testcode.DataDrivenExcelTest" name="C19_testSubtraction" time="0.001"/>
  <testcase classname="com.testcode.DataDrivenExcelTest" name="C20_testMultiplication" time="0.007"/>
  <testcase classname="com.testcode.DataDrivenExcelTest" name="C20_testMultiplication" time="0.006"/>
  <testcase classname="com.testcode.DataDrivenExcelTest" name="C20_testMultiplication" time="0.002"/>
  <testcase classname="com.testcode.DataDrivenExcelTest" name="C21_testDivision" time="0.002"/>
  <testcase classname="com.testcode.DataDrivenExcelTest" name="C21_testDivision" time="0.001"/>
  <testcase classname="com.testcode.DataDrivenExcelTest" name="C21_testDivision" time="0.006"/>
</testsuite> <!-- Excel Test -->
