<?xml version="1.0" encoding="UTF-8"?>
<!-- Generated by org.testng.reporters.JUnitXMLReporter -->
<testsuite ignored="0" hostname="vinodhpc" failures="0" tests="6" name="Math Test" time="0.101" errors="0" timestamp="2025-07-23T08:27:01 IST">
  <testcase classname="com.testcode.MathTest" name="C12_testAdd" time="0.015"/>
  <testcase classname="com.testcode.MathTest" name="C13_testSubtract" time="0.003"/>
  <testcase classname="com.testcode.MathTest" name="C14_testMultiply" time="0.002"/>
  <testcase classname="com.testcode.MathTest" name="C15_testDivide" time="0.002"/>
  <testcase classname="com.testcode.MathTest" name="C16_testOneMore" time="0.002"/>
  <testcase classname="com.testcode.MathTest" name="C17_testDivideByZero" time="0.002"/>
</testsuite> <!-- Math Test -->
