<?xml version="1.0" encoding="UTF-8"?>
<!-- Generated by org.testng.reporters.JUnitXMLReporter -->
<testsuite ignored="0" hostname="vinodhpc" failures="0" tests="4" name="Rest Assured Test" time="5.692" errors="0" timestamp="2025-07-24T22:02:10 IST">
  <testcase classname="com.testcode.RestAssuredTest" name="C24_testGetPeopleEndpoint" time="5.218"/>
  <testcase classname="com.testcode.RestAssuredTest" name="C25_testPostPeopleEndpoint" time="0.237"/>
  <testcase classname="com.testcode.RestAssuredTest" name="C26_testUpdatePeopleEndpoint" time="0.138"/>
  <testcase classname="com.testcode.RestAssuredTest" name="C27_testDeletePeopleEndpoint" time="0.075"/>
</testsuite> <!-- Rest Assured Test -->
