<?xml version="1.0" encoding="UTF-8"?>
<!-- Generated by org.testng.reporters.JUnitXMLReporter -->
<testsuite ignored="0" hostname="vinodhpc" failures="0" tests="22" name="Default test" time="4.13" errors="0" timestamp="2025-07-23T08:28:22 IST">
  <testcase classname="com.testcode.RestAssuredTest" name="testGetPeopleEndpoint" time="2.119"/>
  <testcase classname="com.testcode.RestAssuredTest" name="testPostPeopleEndpoint" time="0.082"/>
  <testcase classname="com.testcode.RestAssuredTest" name="testUpdatePeopleEndpoint" time="0.062"/>
  <testcase classname="com.testcode.RestAssuredTest" name="testDeletePeopleEndpoint" time="0.018"/>
  <testcase classname="com.testcode.DataDrivenExcelTest" name="C18_testAddition" time="0.01"/>
  <testcase classname="com.testcode.DataDrivenExcelTest" name="C18_testAddition" time="0.002"/>
  <testcase classname="com.testcode.DataDrivenExcelTest" name="C18_testAddition" time="0.004"/>
  <testcase classname="com.testcode.DataDrivenExcelTest" name="C19_testSubtraction" time="0.001"/>
  <testcase classname="com.testcode.DataDrivenExcelTest" name="C19_testSubtraction" time="0.002"/>
  <testcase classname="com.testcode.DataDrivenExcelTest" name="C19_testSubtraction" time="0.001"/>
  <testcase classname="com.testcode.DataDrivenExcelTest" name="C20_testMultiplication" time="0.004"/>
  <testcase classname="com.testcode.DataDrivenExcelTest" name="C20_testMultiplication" time="0.002"/>
  <testcase classname="com.testcode.DataDrivenExcelTest" name="C20_testMultiplication" time="0.001"/>
  <testcase classname="com.testcode.DataDrivenExcelTest" name="C21_testDivision" time="0.001"/>
  <testcase classname="com.testcode.DataDrivenExcelTest" name="C21_testDivision" time="0.001"/>
  <testcase classname="com.testcode.DataDrivenExcelTest" name="C21_testDivision" time="0.001"/>
  <testcase classname="com.testcode.MathTest" name="C12_testAdd" time="0.003"/>
  <testcase classname="com.testcode.MathTest" name="C13_testSubtract" time="0.001"/>
  <testcase classname="com.testcode.MathTest" name="C14_testMultiply" time="0.001"/>
  <testcase classname="com.testcode.MathTest" name="C15_testDivide" time="0.001"/>
  <testcase classname="com.testcode.MathTest" name="C16_testOneMore" time="0.003"/>
  <testcase classname="com.testcode.MathTest" name="C17_testDivideByZero" time="0.002"/>
</testsuite> <!-- Default test -->
