<?xml version="1.0" encoding="UTF-8"?>
<!-- Generated by org.testng.reporters.JUnitXMLReporter -->
<testsuite ignored="0" hostname="vinodhpc" failures="0" tests="12" name="Excel Test" time="0.897" errors="0" timestamp="2025-07-18T08:05:34 IST">
  <testcase classname="com.testcode.DataDrivenExcelTest" name="testAddition" time="0.0"/>
  <testcase classname="com.testcode.DataDrivenExcelTest" name="testAddition" time="0.0"/>
  <testcase classname="com.testcode.DataDrivenExcelTest" name="testAddition" time="0.0"/>
  <testcase classname="com.testcode.DataDrivenExcelTest" name="testDivision" time="0.0"/>
  <testcase classname="com.testcode.DataDrivenExcelTest" name="testDivision" time="0.0"/>
  <testcase classname="com.testcode.DataDrivenExcelTest" name="testDivision" time="0.0"/>
  <testcase classname="com.testcode.DataDrivenExcelTest" name="testMultiplication" time="0.001"/>
  <testcase classname="com.testcode.DataDrivenExcelTest" name="testMultiplication" time="0.001"/>
  <testcase classname="com.testcode.DataDrivenExcelTest" name="testMultiplication" time="0.0"/>
  <testcase classname="com.testcode.DataDrivenExcelTest" name="testSubtraction" time="0.001"/>
  <testcase classname="com.testcode.DataDrivenExcelTest" name="testSubtraction" time="0.001"/>
  <testcase classname="com.testcode.DataDrivenExcelTest" name="testSubtraction" time="0.0"/>
</testsuite> <!-- Excel Test -->
