<?xml version="1.0" encoding="UTF-8"?>
<!-- Generated by org.testng.reporters.JUnitXMLReporter -->
<testsuite ignored="0" hostname="vinodhpc" failures="0" tests="5" name="Math Test" time="0.038" errors="0" timestamp="2025-07-18T08:05:33 IST">
  <testcase classname="com.testcode.MathTest" name="testAdd" time="0.005"/>
  <testcase classname="com.testcode.MathTest" name="testDivide" time="0.001"/>
  <testcase classname="com.testcode.MathTest" name="testDivideByZero" time="0.0"/>
  <testcase classname="com.testcode.MathTest" name="testMultiply" time="0.0"/>
  <testcase classname="com.testcode.MathTest" name="testSubtract" time="0.0"/>
</testsuite> <!-- Math Test -->
