<?xml version="1.0" encoding="UTF-8"?>
<testng-results ignored="0" total="22" passed="22" failed="0" skipped="0">
  <reporter-output>
  </reporter-output>
  <suite started-at="2025-07-23T08:28:18 IST" name="Default suite" finished-at="2025-07-23T08:28:22 IST" duration-ms="4130">
    <groups>
    </groups>
    <test started-at="2025-07-23T08:28:18 IST" name="Default test" finished-at="2025-07-23T08:28:22 IST" duration-ms="4130">
      <class name="com.testcode.DataDrivenExcelTest">
        <test-method signature="C18_testAddition(double,double,double,double,double,double)[pri:0, instance:com.testcode.DataDrivenExcelTest@71d44a3]" started-at="2025-07-23T08:28:21 IST" name="C18_testAddition" data-provider="mathData" finished-at="2025-07-23T08:28:21 IST" duration-ms="10" status="PASS">
          <params>
            <param index="0">
              <value>
                <![CDATA[2.0]]>
              </value>
            </param>
            <param index="1">
              <value>
                <![CDATA[1.0]]>
              </value>
            </param>
            <param index="2">
              <value>
                <![CDATA[3.0]]>
              </value>
            </param>
            <param index="3">
              <value>
                <![CDATA[1.0]]>
              </value>
            </param>
            <param index="4">
              <value>
                <![CDATA[2.0]]>
              </value>
            </param>
            <param index="5">
              <value>
                <![CDATA[2.0]]>
              </value>
            </param>
          </params>
          <reporter-output>
          </reporter-output>
        </test-method> <!-- C18_testAddition -->
        <test-method signature="C18_testAddition(double,double,double,double,double,double)[pri:0, instance:com.testcode.DataDrivenExcelTest@71d44a3]" started-at="2025-07-23T08:28:21 IST" name="C18_testAddition" data-provider="mathData" finished-at="2025-07-23T08:28:21 IST" duration-ms="2" status="PASS">
          <params>
            <param index="0">
              <value>
                <![CDATA[5.0]]>
              </value>
            </param>
            <param index="1">
              <value>
                <![CDATA[2.0]]>
              </value>
            </param>
            <param index="2">
              <value>
                <![CDATA[7.0]]>
              </value>
            </param>
            <param index="3">
              <value>
                <![CDATA[3.0]]>
              </value>
            </param>
            <param index="4">
              <value>
                <![CDATA[10.0]]>
              </value>
            </param>
            <param index="5">
              <value>
                <![CDATA[2.5]]>
              </value>
            </param>
          </params>
          <reporter-output>
          </reporter-output>
        </test-method> <!-- C18_testAddition -->
        <test-method signature="C18_testAddition(double,double,double,double,double,double)[pri:0, instance:com.testcode.DataDrivenExcelTest@71d44a3]" started-at="2025-07-23T08:28:21 IST" name="C18_testAddition" data-provider="mathData" finished-at="2025-07-23T08:28:21 IST" duration-ms="4" status="PASS">
          <params>
            <param index="0">
              <value>
                <![CDATA[18.0]]>
              </value>
            </param>
            <param index="1">
              <value>
                <![CDATA[9.0]]>
              </value>
            </param>
            <param index="2">
              <value>
                <![CDATA[27.0]]>
              </value>
            </param>
            <param index="3">
              <value>
                <![CDATA[9.0]]>
              </value>
            </param>
            <param index="4">
              <value>
                <![CDATA[162.0]]>
              </value>
            </param>
            <param index="5">
              <value>
                <![CDATA[2.0]]>
              </value>
            </param>
          </params>
          <reporter-output>
          </reporter-output>
        </test-method> <!-- C18_testAddition -->
        <test-method signature="C19_testSubtraction(double,double,double,double,double,double)[pri:0, instance:com.testcode.DataDrivenExcelTest@71d44a3]" started-at="2025-07-23T08:28:22 IST" name="C19_testSubtraction" data-provider="mathData" finished-at="2025-07-23T08:28:22 IST" duration-ms="1" status="PASS">
          <params>
            <param index="0">
              <value>
                <![CDATA[2.0]]>
              </value>
            </param>
            <param index="1">
              <value>
                <![CDATA[1.0]]>
              </value>
            </param>
            <param index="2">
              <value>
                <![CDATA[3.0]]>
              </value>
            </param>
            <param index="3">
              <value>
                <![CDATA[1.0]]>
              </value>
            </param>
            <param index="4">
              <value>
                <![CDATA[2.0]]>
              </value>
            </param>
            <param index="5">
              <value>
                <![CDATA[2.0]]>
              </value>
            </param>
          </params>
          <reporter-output>
          </reporter-output>
        </test-method> <!-- C19_testSubtraction -->
        <test-method signature="C19_testSubtraction(double,double,double,double,double,double)[pri:0, instance:com.testcode.DataDrivenExcelTest@71d44a3]" started-at="2025-07-23T08:28:22 IST" name="C19_testSubtraction" data-provider="mathData" finished-at="2025-07-23T08:28:22 IST" duration-ms="2" status="PASS">
          <params>
            <param index="0">
              <value>
                <![CDATA[5.0]]>
              </value>
            </param>
            <param index="1">
              <value>
                <![CDATA[2.0]]>
              </value>
            </param>
            <param index="2">
              <value>
                <![CDATA[7.0]]>
              </value>
            </param>
            <param index="3">
              <value>
                <![CDATA[3.0]]>
              </value>
            </param>
            <param index="4">
              <value>
                <![CDATA[10.0]]>
              </value>
            </param>
            <param index="5">
              <value>
                <![CDATA[2.5]]>
              </value>
            </param>
          </params>
          <reporter-output>
          </reporter-output>
        </test-method> <!-- C19_testSubtraction -->
        <test-method signature="C19_testSubtraction(double,double,double,double,double,double)[pri:0, instance:com.testcode.DataDrivenExcelTest@71d44a3]" started-at="2025-07-23T08:28:22 IST" name="C19_testSubtraction" data-provider="mathData" finished-at="2025-07-23T08:28:22 IST" duration-ms="1" status="PASS">
          <params>
            <param index="0">
              <value>
                <![CDATA[18.0]]>
              </value>
            </param>
            <param index="1">
              <value>
                <![CDATA[9.0]]>
              </value>
            </param>
            <param index="2">
              <value>
                <![CDATA[27.0]]>
              </value>
            </param>
            <param index="3">
              <value>
                <![CDATA[9.0]]>
              </value>
            </param>
            <param index="4">
              <value>
                <![CDATA[162.0]]>
              </value>
            </param>
            <param index="5">
              <value>
                <![CDATA[2.0]]>
              </value>
            </param>
          </params>
          <reporter-output>
          </reporter-output>
        </test-method> <!-- C19_testSubtraction -->
        <test-method signature="C20_testMultiplication(double,double,double,double,double,double)[pri:0, instance:com.testcode.DataDrivenExcelTest@71d44a3]" started-at="2025-07-23T08:28:22 IST" name="C20_testMultiplication" data-provider="mathData" finished-at="2025-07-23T08:28:22 IST" duration-ms="4" status="PASS">
          <params>
            <param index="0">
              <value>
                <![CDATA[2.0]]>
              </value>
            </param>
            <param index="1">
              <value>
                <![CDATA[1.0]]>
              </value>
            </param>
            <param index="2">
              <value>
                <![CDATA[3.0]]>
              </value>
            </param>
            <param index="3">
              <value>
                <![CDATA[1.0]]>
              </value>
            </param>
            <param index="4">
              <value>
                <![CDATA[2.0]]>
              </value>
            </param>
            <param index="5">
              <value>
                <![CDATA[2.0]]>
              </value>
            </param>
          </params>
          <reporter-output>
          </reporter-output>
        </test-method> <!-- C20_testMultiplication -->
        <test-method signature="C20_testMultiplication(double,double,double,double,double,double)[pri:0, instance:com.testcode.DataDrivenExcelTest@71d44a3]" started-at="2025-07-23T08:28:22 IST" name="C20_testMultiplication" data-provider="mathData" finished-at="2025-07-23T08:28:22 IST" duration-ms="2" status="PASS">
          <params>
            <param index="0">
              <value>
                <![CDATA[5.0]]>
              </value>
            </param>
            <param index="1">
              <value>
                <![CDATA[2.0]]>
              </value>
            </param>
            <param index="2">
              <value>
                <![CDATA[7.0]]>
              </value>
            </param>
            <param index="3">
              <value>
                <![CDATA[3.0]]>
              </value>
            </param>
            <param index="4">
              <value>
                <![CDATA[10.0]]>
              </value>
            </param>
            <param index="5">
              <value>
                <![CDATA[2.5]]>
              </value>
            </param>
          </params>
          <reporter-output>
          </reporter-output>
        </test-method> <!-- C20_testMultiplication -->
        <test-method signature="C20_testMultiplication(double,double,double,double,double,double)[pri:0, instance:com.testcode.DataDrivenExcelTest@71d44a3]" started-at="2025-07-23T08:28:22 IST" name="C20_testMultiplication" data-provider="mathData" finished-at="2025-07-23T08:28:22 IST" duration-ms="1" status="PASS">
          <params>
            <param index="0">
              <value>
                <![CDATA[18.0]]>
              </value>
            </param>
            <param index="1">
              <value>
                <![CDATA[9.0]]>
              </value>
            </param>
            <param index="2">
              <value>
                <![CDATA[27.0]]>
              </value>
            </param>
            <param index="3">
              <value>
                <![CDATA[9.0]]>
              </value>
            </param>
            <param index="4">
              <value>
                <![CDATA[162.0]]>
              </value>
            </param>
            <param index="5">
              <value>
                <![CDATA[2.0]]>
              </value>
            </param>
          </params>
          <reporter-output>
          </reporter-output>
        </test-method> <!-- C20_testMultiplication -->
        <test-method signature="C21_testDivision(double,double,double,double,double,double)[pri:0, instance:com.testcode.DataDrivenExcelTest@71d44a3]" started-at="2025-07-23T08:28:22 IST" name="C21_testDivision" data-provider="mathData" finished-at="2025-07-23T08:28:22 IST" duration-ms="1" status="PASS">
          <params>
            <param index="0">
              <value>
                <![CDATA[2.0]]>
              </value>
            </param>
            <param index="1">
              <value>
                <![CDATA[1.0]]>
              </value>
            </param>
            <param index="2">
              <value>
                <![CDATA[3.0]]>
              </value>
            </param>
            <param index="3">
              <value>
                <![CDATA[1.0]]>
              </value>
            </param>
            <param index="4">
              <value>
                <![CDATA[2.0]]>
              </value>
            </param>
            <param index="5">
              <value>
                <![CDATA[2.0]]>
              </value>
            </param>
          </params>
          <reporter-output>
          </reporter-output>
        </test-method> <!-- C21_testDivision -->
        <test-method signature="C21_testDivision(double,double,double,double,double,double)[pri:0, instance:com.testcode.DataDrivenExcelTest@71d44a3]" started-at="2025-07-23T08:28:22 IST" name="C21_testDivision" data-provider="mathData" finished-at="2025-07-23T08:28:22 IST" duration-ms="1" status="PASS">
          <params>
            <param index="0">
              <value>
                <![CDATA[5.0]]>
              </value>
            </param>
            <param index="1">
              <value>
                <![CDATA[2.0]]>
              </value>
            </param>
            <param index="2">
              <value>
                <![CDATA[7.0]]>
              </value>
            </param>
            <param index="3">
              <value>
                <![CDATA[3.0]]>
              </value>
            </param>
            <param index="4">
              <value>
                <![CDATA[10.0]]>
              </value>
            </param>
            <param index="5">
              <value>
                <![CDATA[2.5]]>
              </value>
            </param>
          </params>
          <reporter-output>
          </reporter-output>
        </test-method> <!-- C21_testDivision -->
        <test-method signature="C21_testDivision(double,double,double,double,double,double)[pri:0, instance:com.testcode.DataDrivenExcelTest@71d44a3]" started-at="2025-07-23T08:28:22 IST" name="C21_testDivision" data-provider="mathData" finished-at="2025-07-23T08:28:22 IST" duration-ms="1" status="PASS">
          <params>
            <param index="0">
              <value>
                <![CDATA[18.0]]>
              </value>
            </param>
            <param index="1">
              <value>
                <![CDATA[9.0]]>
              </value>
            </param>
            <param index="2">
              <value>
                <![CDATA[27.0]]>
              </value>
            </param>
            <param index="3">
              <value>
                <![CDATA[9.0]]>
              </value>
            </param>
            <param index="4">
              <value>
                <![CDATA[162.0]]>
              </value>
            </param>
            <param index="5">
              <value>
                <![CDATA[2.0]]>
              </value>
            </param>
          </params>
          <reporter-output>
          </reporter-output>
        </test-method> <!-- C21_testDivision -->
      </class> <!-- com.testcode.DataDrivenExcelTest -->
      <class name="com.testcode.RestAssuredTest">
        <test-method signature="testGetPeopleEndpoint()[pri:1, instance:com.testcode.RestAssuredTest@47eaca72]" started-at="2025-07-23T08:28:18 IST" name="testGetPeopleEndpoint" finished-at="2025-07-23T08:28:20 IST" duration-ms="2119" status="PASS">
          <reporter-output>
          </reporter-output>
        </test-method> <!-- testGetPeopleEndpoint -->
        <test-method signature="testPostPeopleEndpoint()[pri:2, instance:com.testcode.RestAssuredTest@47eaca72]" started-at="2025-07-23T08:28:20 IST" name="testPostPeopleEndpoint" finished-at="2025-07-23T08:28:20 IST" duration-ms="82" status="PASS">
          <reporter-output>
          </reporter-output>
        </test-method> <!-- testPostPeopleEndpoint -->
        <test-method signature="testUpdatePeopleEndpoint()[pri:3, instance:com.testcode.RestAssuredTest@47eaca72]" started-at="2025-07-23T08:28:20 IST" name="testUpdatePeopleEndpoint" finished-at="2025-07-23T08:28:20 IST" duration-ms="62" status="PASS">
          <reporter-output>
          </reporter-output>
        </test-method> <!-- testUpdatePeopleEndpoint -->
        <test-method signature="testDeletePeopleEndpoint()[pri:4, instance:com.testcode.RestAssuredTest@47eaca72]" started-at="2025-07-23T08:28:20 IST" name="testDeletePeopleEndpoint" finished-at="2025-07-23T08:28:20 IST" duration-ms="18" status="PASS">
          <reporter-output>
          </reporter-output>
        </test-method> <!-- testDeletePeopleEndpoint -->
      </class> <!-- com.testcode.RestAssuredTest -->
      <class name="com.testcode.MathTest">
        <test-method signature="C12_testAdd()[pri:0, instance:com.testcode.MathTest@7b98f307]" started-at="2025-07-23T08:28:22 IST" name="C12_testAdd" finished-at="2025-07-23T08:28:22 IST" duration-ms="3" status="PASS">
          <reporter-output>
          </reporter-output>
        </test-method> <!-- C12_testAdd -->
        <test-method signature="C13_testSubtract()[pri:0, instance:com.testcode.MathTest@7b98f307]" started-at="2025-07-23T08:28:22 IST" name="C13_testSubtract" finished-at="2025-07-23T08:28:22 IST" duration-ms="1" status="PASS">
          <reporter-output>
          </reporter-output>
        </test-method> <!-- C13_testSubtract -->
        <test-method signature="C14_testMultiply()[pri:0, instance:com.testcode.MathTest@7b98f307]" started-at="2025-07-23T08:28:22 IST" name="C14_testMultiply" finished-at="2025-07-23T08:28:22 IST" duration-ms="1" status="PASS">
          <reporter-output>
          </reporter-output>
        </test-method> <!-- C14_testMultiply -->
        <test-method signature="C15_testDivide()[pri:0, instance:com.testcode.MathTest@7b98f307]" started-at="2025-07-23T08:28:22 IST" name="C15_testDivide" finished-at="2025-07-23T08:28:22 IST" duration-ms="1" status="PASS">
          <reporter-output>
          </reporter-output>
        </test-method> <!-- C15_testDivide -->
        <test-method signature="C16_testOneMore()[pri:0, instance:com.testcode.MathTest@7b98f307]" started-at="2025-07-23T08:28:22 IST" name="C16_testOneMore" finished-at="2025-07-23T08:28:22 IST" duration-ms="3" status="PASS">
          <reporter-output>
          </reporter-output>
        </test-method> <!-- C16_testOneMore -->
        <test-method signature="C17_testDivideByZero()[pri:0, instance:com.testcode.MathTest@7b98f307]" started-at="2025-07-23T08:28:22 IST" name="C17_testDivideByZero" finished-at="2025-07-23T08:28:22 IST" duration-ms="2" status="PASS">
          <exception class="java.lang.ArithmeticException">
            <message>
              <![CDATA[Division by zero is not allowed.]]>
            </message>
            <full-stacktrace>
              <![CDATA[java.lang.ArithmeticException: Division by zero is not allowed.
at com.sourcecode.MathOperations.divide(MathOperations.java:16)
at com.testcode.MathTest.C17_testDivideByZero(MathTest.java:42)
at java.base/jdk.internal.reflect.NativeMethodAccessorImpl.invoke0(Native Method)
at java.base/jdk.internal.reflect.NativeMethodAccessorImpl.invoke(NativeMethodAccessorImpl.java:77)
at java.base/jdk.internal.reflect.DelegatingMethodAccessorImpl.invoke(DelegatingMethodAccessorImpl.java:43)
at java.base/java.lang.reflect.Method.invoke(Method.java:568)
at org.testng.internal.invokers.MethodInvocationHelper.invokeMethod(MethodInvocationHelper.java:139)
at org.testng.internal.invokers.TestInvoker.invokeMethod(TestInvoker.java:664)
at org.testng.internal.invokers.TestInvoker.invokeTestMethod(TestInvoker.java:228)
at org.testng.internal.invokers.MethodRunner.runInSequence(MethodRunner.java:63)
at org.testng.internal.invokers.TestInvoker$MethodInvocationAgent.invoke(TestInvoker.java:961)
at org.testng.internal.invokers.TestInvoker.invokeTestMethods(TestInvoker.java:201)
at org.testng.internal.invokers.TestMethodWorker.invokeTestMethods(TestMethodWorker.java:148)
at org.testng.internal.invokers.TestMethodWorker.run(TestMethodWorker.java:128)
at java.base/java.util.ArrayList.forEach(ArrayList.java:1511)
at org.testng.TestRunner.privateRun(TestRunner.java:819)
at org.testng.TestRunner.run(TestRunner.java:619)
at org.testng.SuiteRunner.runTest(SuiteRunner.java:443)
at org.testng.SuiteRunner.runSequentially(SuiteRunner.java:437)
at org.testng.SuiteRunner.privateRun(SuiteRunner.java:397)
at org.testng.SuiteRunner.run(SuiteRunner.java:336)
at org.testng.SuiteRunnerWorker.runSuite(SuiteRunnerWorker.java:52)
at org.testng.SuiteRunnerWorker.run(SuiteRunnerWorker.java:95)
at org.testng.TestNG.runSuitesSequentially(TestNG.java:1301)
at org.testng.TestNG.runSuitesLocally(TestNG.java:1228)
at org.testng.TestNG.runSuites(TestNG.java:1134)
at org.testng.TestNG.run(TestNG.java:1101)
at org.testng.remote.AbstractRemoteTestNG.run(AbstractRemoteTestNG.java:115)
at org.testng.remote.RemoteTestNG.initAndRun(RemoteTestNG.java:293)
at org.testng.remote.RemoteTestNG.main(RemoteTestNG.java:91)
]]>
            </full-stacktrace>
          </exception> <!-- java.lang.ArithmeticException -->
          <reporter-output>
          </reporter-output>
        </test-method> <!-- C17_testDivideByZero -->
      </class> <!-- com.testcode.MathTest -->
    </test> <!-- Default test -->
  </suite> <!-- Default suite -->
</testng-results>
